09:32:29.828 [AWT-EventQueue-0] INFO  c.b.l.BrowserStackRunExtension - gradle
09:32:29.831 [AWT-EventQueue-0] INFO  com.browserstack.utils.Helpers - null
09:40:32.103 [AWT-EventQueue-0] INFO  c.b.l.BrowserStackRunExtension - gradle
09:40:32.103 [AWT-EventQueue-0] INFO  com.browserstack.utils.Helpers - null
09:41:02.315 [AWT-EventQueue-0] INFO  c.b.l.BrowserStackRunExtension - gradle
09:41:02.315 [AWT-EventQueue-0] INFO  com.browserstack.utils.Helpers - null
09:57:07.746 [AWT-EventQueue-0] INFO  c.b.l.BrowserStackRunExtension - gradle
09:57:07.746 [AWT-EventQueue-0] INFO  com.browserstack.utils.Helpers - null
09:57:35.025 [AWT-EventQueue-0] INFO  c.b.l.BrowserStackRunExtension - gradle
09:57:35.025 [AWT-EventQueue-0] INFO  com.browserstack.utils.Helpers - null
10:00:10.496 [AWT-EventQueue-0] INFO  c.b.l.BrowserStackRunExtension - gradle
10:00:10.497 [AWT-EventQueue-0] INFO  com.browserstack.utils.Helpers - null
10:03:52.457 [AWT-EventQueue-0] INFO  c.b.l.BrowserStackRunExtension - gradle
10:03:52.457 [AWT-EventQueue-0] INFO  com.browserstack.utils.Helpers - null
10:04:23.990 [AWT-EventQueue-0] INFO  c.b.l.BrowserStackRunExtension - gradle
10:04:23.990 [AWT-EventQueue-0] INFO  com.browserstack.utils.Helpers - null
10:37:49.459 [AWT-EventQueue-0] INFO  c.b.l.BrowserStackRunExtension - gradle
10:37:49.459 [AWT-EventQueue-0] INFO  com.browserstack.utils.Helpers - null
10:39:58.522 [AWT-EventQueue-0] INFO  c.b.l.BrowserStackRunExtension - gradle
10:39:58.522 [AWT-EventQueue-0] INFO  com.browserstack.utils.Helpers - null
10:40:31.770 [AWT-EventQueue-0] INFO  c.b.l.BrowserStackRunExtension - gradle
10:40:31.770 [AWT-EventQueue-0] INFO  com.browserstack.utils.Helpers - null
10:49:41.659 [AWT-EventQueue-0] INFO  c.b.l.BrowserStackRunExtension - gradle
10:49:41.659 [AWT-EventQueue-0] INFO  com.browserstack.utils.Helpers - null
10:51:56.381 [AWT-EventQueue-0] INFO  c.b.l.BrowserStackRunExtension - gradle
10:51:56.381 [AWT-EventQueue-0] INFO  com.browserstack.utils.Helpers - null
10:52:55.458 [AWT-EventQueue-0] INFO  c.b.l.BrowserStackRunExtension - gradle
10:52:55.458 [AWT-EventQueue-0] INFO  com.browserstack.utils.Helpers - null
10:54:33.188 [AWT-EventQueue-0] INFO  c.b.l.BrowserStackRunExtension - gradle
10:54:33.188 [AWT-EventQueue-0] INFO  com.browserstack.utils.Helpers - null
11:05:29.986 [AWT-EventQueue-0] INFO  c.b.l.BrowserStackRunExtension - gradle
11:05:29.986 [AWT-EventQueue-0] INFO  com.browserstack.utils.Helpers - null
11:05:31.703 [ApplicationImpl pooled thread 208] INFO  c.b.l.BrowserStackRunExtension - cucumber java
11:05:31.704 [ApplicationImpl pooled thread 208] INFO  com.browserstack.utils.Helpers - null
11:05:31.705 [ApplicationImpl pooled thread 208] INFO  c.b.l.BrowserStackRunExtension - Agent path: null
11:05:35.440 [AWT-EventQueue-0] INFO  c.b.l.BrowserStackRunExtension - gradle
11:05:35.440 [AWT-EventQueue-0] INFO  com.browserstack.utils.Helpers - null
11:05:36.925 [ApplicationImpl pooled thread 203] INFO  c.b.l.BrowserStackRunExtension - cucumber java
11:05:36.925 [ApplicationImpl pooled thread 203] INFO  com.browserstack.utils.Helpers - null
11:05:36.926 [ApplicationImpl pooled thread 203] INFO  c.b.l.BrowserStackRunExtension - Agent path: null
11:18:00.948 [AWT-EventQueue-0] INFO  c.b.l.BrowserStackRunExtension - gradle
11:18:00.948 [AWT-EventQueue-0] INFO  com.browserstack.utils.Helpers - null
11:20:09.325 [AWT-EventQueue-0] INFO  c.b.l.BrowserStackRunExtension - gradle
11:20:09.325 [AWT-EventQueue-0] INFO  com.browserstack.utils.Helpers - null
11:30:22.801 [AWT-EventQueue-0] INFO  c.b.l.BrowserStackRunExtension - gradle
11:30:22.801 [AWT-EventQueue-0] INFO  com.browserstack.utils.Helpers - null
